<?xml version="1.0" encoding="UTF-8"?>
<!-- Generated by org.testng.reporters.JUnitReportReporter -->
<testsuite hostname="ABFLIBITL014" name="API.test.API1" tests="1" failures="0" timestamp="30 Jul 2021 14:00:08 GMT" time="4.268" errors="0">
  <testcase name="tokenapi" time="4.268" classname="API.test.API1"/>
</testsuite> <!-- API.test.API1 -->
