<?xml version="1.0" encoding="UTF-8"?>
<!-- Generated by org.testng.reporters.JUnitReportReporter -->
<testsuite hostname="ABFLIBITL014" name="API.test.tokenapi" tests="1" failures="0" timestamp="10 Aug 2021 07:24:56 GMT" time="2.983" errors="0">
  <testcase name="APInew" time="2.983" classname="API.test.tokenapi"/>
</testsuite> <!-- API.test.tokenapi -->
