<?xml version="1.0" encoding="UTF-8"?>
<!-- Generated by org.testng.reporters.JUnitReportReporter -->
<testsuite hostname="ABFLIBITL014" name="API.test.API1" tests="1" failures="0" timestamp="9 Aug 2021 13:33:40 GMT" time="7.748" errors="0">
  <testcase name="tokenapi" time="7.748" classname="API.test.API1"/>
</testsuite> <!-- API.test.API1 -->
